<?xml version="1.0" encoding="UTF-8"?>
<testsuite name="com.irdeto.rrm.ls.ZipkinStreamApplicationTests" tests="1" skipped="0" failures="0" errors="0" timestamp="2016-09-14T09:26:54" hostname="ekho" time="0.009">
  <properties/>
  <testcase name="contextLoads" classname="com.irdeto.rrm.ls.ZipkinStreamApplicationTests" time="0.009"/>
  <system-out><![CDATA[11:26:51.265 [Test worker] DEBUG org.springframework.test.context.junit4.SpringJUnit4ClassRunner - SpringJUnit4ClassRunner constructor called with [class com.irdeto.rrm.ls.ZipkinStreamApplicationTests]
11:26:51.268 [Test worker] DEBUG org.springframework.test.context.BootstrapUtils - Instantiating CacheAwareContextLoaderDelegate from class [org.springframework.test.context.cache.DefaultCacheAwareContextLoaderDelegate]
11:26:51.272 [Test worker] DEBUG org.springframework.test.context.BootstrapUtils - Instantiating BootstrapContext using constructor [public org.springframework.test.context.support.DefaultBootstrapContext(java.lang.Class,org.springframework.test.context.CacheAwareContextLoaderDelegate)]
11:26:51.282 [Test worker] DEBUG org.springframework.test.context.BootstrapUtils - Instantiating TestContextBootstrapper for test class [com.irdeto.rrm.ls.ZipkinStreamApplicationTests] from class [org.springframework.boot.test.context.SpringBootTestContextBootstrapper]
11:26:51.289 [Test worker] INFO org.springframework.boot.test.context.SpringBootTestContextBootstrapper - Neither @ContextConfiguration nor @ContextHierarchy found for test class [com.irdeto.rrm.ls.ZipkinStreamApplicationTests], using SpringBootContextLoader
11:26:51.291 [Test worker] DEBUG org.springframework.test.context.support.AbstractContextLoader - Did not detect default resource location for test class [com.irdeto.rrm.ls.ZipkinStreamApplicationTests]: class path resource [com/irdeto/rrm/ls/ZipkinStreamApplicationTests-context.xml] does not exist
11:26:51.292 [Test worker] DEBUG org.springframework.test.context.support.AbstractContextLoader - Did not detect default resource location for test class [com.irdeto.rrm.ls.ZipkinStreamApplicationTests]: class path resource [com/irdeto/rrm/ls/ZipkinStreamApplicationTestsContext.groovy] does not exist
11:26:51.292 [Test worker] INFO org.springframework.test.context.support.AbstractContextLoader - Could not detect default resource locations for test class [com.irdeto.rrm.ls.ZipkinStreamApplicationTests]: no resource found for suffixes {-context.xml, Context.groovy}.
11:26:51.292 [Test worker] INFO org.springframework.test.context.support.AnnotationConfigContextLoaderUtils - Could not detect default configuration classes for test class [com.irdeto.rrm.ls.ZipkinStreamApplicationTests]: ZipkinStreamApplicationTests does not declare any static, non-private, non-final, nested classes annotated with @Configuration.
11:26:51.313 [Test worker] DEBUG org.springframework.test.context.support.ActiveProfilesUtils - Could not find an 'annotation declaring class' for annotation type [org.springframework.test.context.ActiveProfiles] and class [com.irdeto.rrm.ls.ZipkinStreamApplicationTests]
11:26:51.338 [Test worker] DEBUG org.springframework.core.env.StandardEnvironment - Adding [systemProperties] PropertySource with lowest search precedence
11:26:51.339 [Test worker] DEBUG org.springframework.core.env.StandardEnvironment - Adding [systemEnvironment] PropertySource with lowest search precedence
11:26:51.339 [Test worker] DEBUG org.springframework.core.env.StandardEnvironment - Initialized StandardEnvironment with PropertySources [systemProperties,systemEnvironment]
11:26:51.345 [Test worker] DEBUG org.springframework.core.io.support.PathMatchingResourcePatternResolver - Resolved classpath location [com/irdeto/rrm/ls/] to resources [URL [file:/home/ekho/development/git/zipkin-service/build/classes/test/com/irdeto/rrm/ls/], URL [file:/home/ekho/development/git/zipkin-service/build/classes/main/com/irdeto/rrm/ls/]]
11:26:51.345 [Test worker] DEBUG org.springframework.core.io.support.PathMatchingResourcePatternResolver - Looking for matching resources in directory tree [/home/ekho/development/git/zipkin-service/build/classes/test/com/irdeto/rrm/ls]
11:26:51.345 [Test worker] DEBUG org.springframework.core.io.support.PathMatchingResourcePatternResolver - Searching directory [/home/ekho/development/git/zipkin-service/build/classes/test/com/irdeto/rrm/ls] for files matching pattern [/home/ekho/development/git/zipkin-service/build/classes/test/com/irdeto/rrm/ls/*.class]
11:26:51.347 [Test worker] DEBUG org.springframework.core.io.support.PathMatchingResourcePatternResolver - Looking for matching resources in directory tree [/home/ekho/development/git/zipkin-service/build/classes/main/com/irdeto/rrm/ls]
11:26:51.347 [Test worker] DEBUG org.springframework.core.io.support.PathMatchingResourcePatternResolver - Searching directory [/home/ekho/development/git/zipkin-service/build/classes/main/com/irdeto/rrm/ls] for files matching pattern [/home/ekho/development/git/zipkin-service/build/classes/main/com/irdeto/rrm/ls/*.class]
11:26:51.348 [Test worker] DEBUG org.springframework.core.io.support.PathMatchingResourcePatternResolver - Resolved location pattern [classpath*:com/irdeto/rrm/ls/*.class] to resources [file [/home/ekho/development/git/zipkin-service/build/classes/test/com/irdeto/rrm/ls/ZipkinStreamApplicationTests.class], file [/home/ekho/development/git/zipkin-service/build/classes/main/com/irdeto/rrm/ls/ZipkinStreamApplication.class]]
11:26:51.376 [Test worker] DEBUG org.springframework.context.annotation.ClassPathScanningCandidateComponentProvider - Identified candidate component class: file [/home/ekho/development/git/zipkin-service/build/classes/main/com/irdeto/rrm/ls/ZipkinStreamApplication.class]
11:26:51.377 [Test worker] INFO org.springframework.boot.test.context.SpringBootTestContextBootstrapper - Found @SpringBootConfiguration com.irdeto.rrm.ls.ZipkinStreamApplication for test class com.irdeto.rrm.ls.ZipkinStreamApplicationTests
11:26:51.379 [Test worker] DEBUG org.springframework.boot.test.context.SpringBootTestContextBootstrapper - @TestExecutionListeners is not present for class [com.irdeto.rrm.ls.ZipkinStreamApplicationTests]: using defaults.
11:26:51.382 [Test worker] INFO org.springframework.boot.test.context.SpringBootTestContextBootstrapper - Loaded default TestExecutionListener class names from location [META-INF/spring.factories]: [org.springframework.boot.test.mock.mockito.MockitoTestExecutionListener, org.springframework.boot.test.mock.mockito.ResetMocksTestExecutionListener, org.springframework.boot.test.autoconfigure.AutoConfigureReportTestExecutionListener, org.springframework.boot.test.autoconfigure.restdocs.RestDocsTestExecutionListener, org.springframework.boot.test.autoconfigure.web.client.MockRestServiceServerResetTestExecutionListener, org.springframework.test.context.web.ServletTestExecutionListener, org.springframework.test.context.support.DirtiesContextBeforeModesTestExecutionListener, org.springframework.test.context.support.DependencyInjectionTestExecutionListener, org.springframework.test.context.support.DirtiesContextTestExecutionListener, org.springframework.test.context.transaction.TransactionalTestExecutionListener, org.springframework.test.context.jdbc.SqlScriptsTestExecutionListener]
11:26:51.386 [Test worker] INFO org.springframework.boot.test.context.SpringBootTestContextBootstrapper - Could not instantiate TestExecutionListener [org.springframework.test.context.transaction.TransactionalTestExecutionListener]. Specify custom listener classes or make the default listener classes (and their required dependencies) available. Offending class: [org/springframework/transaction/TransactionDefinition]
11:26:51.387 [Test worker] INFO org.springframework.boot.test.context.SpringBootTestContextBootstrapper - Could not instantiate TestExecutionListener [org.springframework.test.context.jdbc.SqlScriptsTestExecutionListener]. Specify custom listener classes or make the default listener classes (and their required dependencies) available. Offending class: [org/springframework/transaction/interceptor/TransactionAttribute]
11:26:51.389 [Test worker] INFO org.springframework.boot.test.context.SpringBootTestContextBootstrapper - Using TestExecutionListeners: [org.springframework.test.context.web.ServletTestExecutionListener@18a41b6b, org.springframework.test.context.support.DirtiesContextBeforeModesTestExecutionListener@c4f7ed6, org.springframework.boot.test.autoconfigure.AutoConfigureReportTestExecutionListener@52453b5c, org.springframework.test.context.support.DependencyInjectionTestExecutionListener@72a5e719, org.springframework.test.context.support.DirtiesContextTestExecutionListener@4ae2c565, org.springframework.boot.test.autoconfigure.web.client.MockRestServiceServerResetTestExecutionListener@3dacab21, org.springframework.boot.test.autoconfigure.restdocs.RestDocsTestExecutionListener@46c8e813, org.springframework.boot.test.mock.mockito.MockitoTestExecutionListener@1b8842fc, org.springframework.boot.test.mock.mockito.ResetMocksTestExecutionListener@479d6505]
11:26:51.391 [Test worker] DEBUG org.springframework.test.annotation.ProfileValueUtils - Retrieved @ProfileValueSourceConfiguration [null] for test class [com.irdeto.rrm.ls.ZipkinStreamApplicationTests]
11:26:51.391 [Test worker] DEBUG org.springframework.test.annotation.ProfileValueUtils - Retrieved ProfileValueSource type [class org.springframework.test.annotation.SystemProfileValueSource] for class [com.irdeto.rrm.ls.ZipkinStreamApplicationTests]
11:26:51.392 [Test worker] DEBUG org.springframework.test.annotation.ProfileValueUtils - Retrieved @ProfileValueSourceConfiguration [null] for test class [com.irdeto.rrm.ls.ZipkinStreamApplicationTests]
11:26:51.392 [Test worker] DEBUG org.springframework.test.annotation.ProfileValueUtils - Retrieved ProfileValueSource type [class org.springframework.test.annotation.SystemProfileValueSource] for class [com.irdeto.rrm.ls.ZipkinStreamApplicationTests]
11:26:51.395 [Test worker] DEBUG org.springframework.test.context.support.AbstractDirtiesContextTestExecutionListener - Before test class: context [DefaultTestContext@44df1221 testClass = ZipkinStreamApplicationTests, testInstance = [null], testMethod = [null], testException = [null], mergedContextConfiguration = [WebMergedContextConfiguration@73100c4a testClass = ZipkinStreamApplicationTests, locations = '{}', classes = '{class com.irdeto.rrm.ls.ZipkinStreamApplication}', contextInitializerClasses = '[]', activeProfiles = '{}', propertySourceLocations = '{}', propertySourceProperties = '{org.springframework.boot.test.context.SpringBootTestContextBootstrapper=true}', contextCustomizers = set[org.springframework.boot.test.context.SpringBootTestContextCustomizer@46204d6a, org.springframework.boot.test.context.filter.ExcludeFilterContextCustomizer@494b0e24, org.springframework.boot.test.mock.mockito.MockitoContextCustomizer@0, org.springframework.boot.test.autoconfigure.properties.PropertyMappingContextCustomizer@0], resourceBasePath = 'src/main/webapp', contextLoader = 'org.springframework.boot.test.context.SpringBootContextLoader', parent = [null]]], class annotated with @DirtiesContext [false] with mode [null].
11:26:51.395 [Test worker] DEBUG org.springframework.test.annotation.ProfileValueUtils - Retrieved @ProfileValueSourceConfiguration [null] for test class [com.irdeto.rrm.ls.ZipkinStreamApplicationTests]
11:26:51.395 [Test worker] DEBUG org.springframework.test.annotation.ProfileValueUtils - Retrieved ProfileValueSource type [class org.springframework.test.annotation.SystemProfileValueSource] for class [com.irdeto.rrm.ls.ZipkinStreamApplicationTests]
11:26:51.416 [Test worker] DEBUG org.springframework.core.env.StandardEnvironment - Adding [systemProperties] PropertySource with lowest search precedence
11:26:51.417 [Test worker] DEBUG org.springframework.core.env.StandardEnvironment - Adding [systemEnvironment] PropertySource with lowest search precedence
11:26:51.417 [Test worker] DEBUG org.springframework.core.env.StandardEnvironment - Initialized StandardEnvironment with PropertySources [systemProperties,systemEnvironment]
11:26:51.417 [Test worker] DEBUG org.springframework.test.context.support.TestPropertySourceUtils - Adding inlined properties to environment: {spring.jmx.enabled=false, org.springframework.boot.test.context.SpringBootTestContextBootstrapper=true, server.port=-1}
11:26:51.418 [Test worker] DEBUG org.springframework.core.env.StandardEnvironment - Adding [Inlined Test Properties] PropertySource with highest search precedence
2016-09-14 11:26:51.771  INFO 12314 --- [    Test worker] s.c.a.AnnotationConfigApplicationContext : Refreshing org.springframework.context.annotation.AnnotationConfigApplicationContext@ce213a: startup date [Wed Sep 14 11:26:51 CEST 2016]; root of context hierarchy
2016-09-14 11:26:51.967  INFO 12314 --- [    Test worker] f.a.AutowiredAnnotationBeanPostProcessor : JSR-330 'javax.inject.Inject' annotation found and supported for autowiring
2016-09-14 11:26:51.984  INFO 12314 --- [    Test worker] trationDelegate$BeanPostProcessorChecker : Bean 'configurationPropertiesRebinderAutoConfiguration' of type [class org.springframework.cloud.autoconfigure.ConfigurationPropertiesRebinderAutoConfiguration$$EnhancerBySpringCGLIB$$78028de6] is not eligible for getting processed by all BeanPostProcessors (for example: not eligible for auto-proxying)

  .   ____          _            __ _ _
 /\\ / ___'_ __ _ _(_)_ __  __ _ \ \ \ \
( ( )\___ | '_ | '_| | '_ \/ _` | \ \ \ \
 \\/  ___)| |_)| | | | | || (_| |  ) ) ) )
  '  |____| .__|_| |_|_| |_\__, | / / / /
 =========|_|==============|___/=/_/_/_/
 :: Spring Boot ::        (v1.4.0.RELEASE)

2016-09-14 11:26:52.142  INFO 12314 --- [    Test worker] c.c.c.ConfigServicePropertySourceLocator : Fetching config from server at: http://localhost:8888
2016-09-14 11:26:52.263  INFO 12314 --- [    Test worker] c.c.c.ConfigServicePropertySourceLocator : Located environment: name=zipkin-service, profiles=[default], label=master, version=38dbc41271056be4038a55b1720b88caa83d5f1f
2016-09-14 11:26:52.263  INFO 12314 --- [    Test worker] b.c.PropertySourceBootstrapConfiguration : Located property source: CompositePropertySource [name='configService', propertySources=[MapPropertySource [name='/home/ekho/development/git/microservices-config/zipkin-service.properties']]]
2016-09-14 11:26:52.270  INFO 12314 --- [    Test worker] c.i.rrm.ls.ZipkinStreamApplicationTests  : No active profile set, falling back to default profiles: default
2016-09-14 11:26:52.275  INFO 12314 --- [    Test worker] o.s.w.c.s.GenericWebApplicationContext   : Refreshing org.springframework.web.context.support.GenericWebApplicationContext@1afbc690: startup date [Wed Sep 14 11:26:52 CEST 2016]; parent: org.springframework.context.annotation.AnnotationConfigApplicationContext@ce213a
2016-09-14 11:26:52.783  INFO 12314 --- [    Test worker] o.s.b.f.s.DefaultListableBeanFactory     : Overriding bean definition for bean 'managementServletContext' with a different definition: replacing [Root bean: class [null]; scope=; abstract=false; lazyInit=false; autowireMode=3; dependencyCheck=0; autowireCandidate=true; primary=false; factoryBeanName=org.springframework.boot.actuate.autoconfigure.EndpointWebMvcHypermediaManagementContextConfiguration; factoryMethodName=managementServletContext; initMethodName=null; destroyMethodName=(inferred); defined in class path resource [org/springframework/boot/actuate/autoconfigure/EndpointWebMvcHypermediaManagementContextConfiguration.class]] with [Root bean: class [null]; scope=; abstract=false; lazyInit=false; autowireMode=3; dependencyCheck=0; autowireCandidate=true; primary=false; factoryBeanName=org.springframework.boot.actuate.autoconfigure.EndpointWebMvcAutoConfiguration; factoryMethodName=managementServletContext; initMethodName=null; destroyMethodName=(inferred); defined in class path resource [org/springframework/boot/actuate/autoconfigure/EndpointWebMvcAutoConfiguration.class]]
2016-09-14 11:26:52.816  INFO 12314 --- [    Test worker] o.s.b.f.s.DefaultListableBeanFactory     : Overriding bean definition for bean 'characterEncodingFilter' with a different definition: replacing [Root bean: class [null]; scope=; abstract=false; lazyInit=false; autowireMode=3; dependencyCheck=0; autowireCandidate=true; primary=false; factoryBeanName=org.springframework.boot.autoconfigure.web.HttpEncodingAutoConfiguration; factoryMethodName=characterEncodingFilter; initMethodName=null; destroyMethodName=(inferred); defined in class path resource [org/springframework/boot/autoconfigure/web/HttpEncodingAutoConfiguration.class]] with [Root bean: class [null]; scope=; abstract=false; lazyInit=false; autowireMode=3; dependencyCheck=0; autowireCandidate=true; primary=false; factoryBeanName=zipkin.autoconfigure.ui.ZipkinUiAutoConfiguration; factoryMethodName=characterEncodingFilter; initMethodName=null; destroyMethodName=(inferred); defined in class path resource [zipkin/autoconfigure/ui/ZipkinUiAutoConfiguration.class]]
2016-09-14 11:26:52.834  WARN 12314 --- [    Test worker] o.s.c.a.ConfigurationClassPostProcessor  : Cannot enhance @Configuration bean definition 'refreshScope' since its singleton instance has been created too early. The typical cause is a non-static @Bean method with a BeanDefinitionRegistryPostProcessor return type: Consider declaring such methods as 'static'.
2016-09-14 11:26:52.948  INFO 12314 --- [    Test worker] o.s.cloud.context.scope.GenericScope     : BeanFactory id=36556f51-dda3-3c9b-a113-127334c73b4a
2016-09-14 11:26:52.982  INFO 12314 --- [    Test worker] f.a.AutowiredAnnotationBeanPostProcessor : JSR-330 'javax.inject.Inject' annotation found and supported for autowiring
2016-09-14 11:26:53.031  INFO 12314 --- [    Test worker] trationDelegate$BeanPostProcessorChecker : Bean 'org.springframework.cloud.autoconfigure.ConfigurationPropertiesRebinderAutoConfiguration' of type [class org.springframework.cloud.autoconfigure.ConfigurationPropertiesRebinderAutoConfiguration$$EnhancerBySpringCGLIB$$78028de6] is not eligible for getting processed by all BeanPostProcessors (for example: not eligible for auto-proxying)
2016-09-14 11:26:53.486  INFO 12314 --- [    Test worker] s.w.s.m.m.a.RequestMappingHandlerAdapter : Looking for @ControllerAdvice: org.springframework.web.context.support.GenericWebApplicationContext@1afbc690: startup date [Wed Sep 14 11:26:52 CEST 2016]; parent: org.springframework.context.annotation.AnnotationConfigApplicationContext@ce213a
2016-09-14 11:26:53.493  INFO 12314 --- [    Test worker] s.w.s.m.m.a.RequestMappingHandlerAdapter : Detected ResponseBodyAdvice bean in org.springframework.boot.actuate.autoconfigure.EndpointWebMvcHypermediaManagementContextConfiguration$ActuatorEndpointLinksAdvice
2016-09-14 11:26:53.581  INFO 12314 --- [    Test worker] s.w.s.m.m.a.RequestMappingHandlerMapping : Mapped "{[/error],produces=[text/html]}" onto public org.springframework.web.servlet.ModelAndView org.springframework.boot.autoconfigure.web.BasicErrorController.errorHtml(javax.servlet.http.HttpServletRequest,javax.servlet.http.HttpServletResponse)
2016-09-14 11:26:53.582  INFO 12314 --- [    Test worker] s.w.s.m.m.a.RequestMappingHandlerMapping : Mapped "{[/error]}" onto public org.springframework.http.ResponseEntity<java.util.Map<java.lang.String, java.lang.Object>> org.springframework.boot.autoconfigure.web.BasicErrorController.error(javax.servlet.http.HttpServletRequest)
2016-09-14 11:26:53.584  INFO 12314 --- [    Test worker] s.w.s.m.m.a.RequestMappingHandlerMapping : Mapped "{[/config.json],methods=[GET],produces=[application/json]}" onto public org.springframework.http.ResponseEntity<zipkin.autoconfigure.ui.ZipkinUiProperties> zipkin.autoconfigure.ui.ZipkinUiAutoConfiguration.serveUiConfig()
2016-09-14 11:26:53.585  INFO 12314 --- [    Test worker] s.w.s.m.m.a.RequestMappingHandlerMapping : Mapped "{[/index.html],methods=[GET]}" onto public org.springframework.http.ResponseEntity<org.springframework.core.io.Resource> zipkin.autoconfigure.ui.ZipkinUiAutoConfiguration.serveIndex()
2016-09-14 11:26:53.585  INFO 12314 --- [    Test worker] s.w.s.m.m.a.RequestMappingHandlerMapping : Mapped "{[/ || /traces/{id} || /dependency],methods=[GET]}" onto public org.springframework.web.servlet.ModelAndView zipkin.autoconfigure.ui.ZipkinUiAutoConfiguration.forwardUiEndpoints(org.springframework.ui.ModelMap)
2016-09-14 11:26:53.610  INFO 12314 --- [    Test worker] o.s.w.s.handler.SimpleUrlHandlerMapping  : Mapped URL path [/webjars/**] onto handler of type [class org.springframework.web.servlet.resource.ResourceHttpRequestHandler]
2016-09-14 11:26:53.610  INFO 12314 --- [    Test worker] o.s.w.s.handler.SimpleUrlHandlerMapping  : Mapped URL path [/**] onto handler of type [class org.springframework.web.servlet.resource.ResourceHttpRequestHandler]
2016-09-14 11:26:53.623  INFO 12314 --- [    Test worker] .m.m.a.ExceptionHandlerExceptionResolver : Detected ResponseBodyAdvice implementation in org.springframework.boot.actuate.autoconfigure.EndpointWebMvcHypermediaManagementContextConfiguration$ActuatorEndpointLinksAdvice
2016-09-14 11:26:53.640  INFO 12314 --- [    Test worker] o.s.w.s.handler.SimpleUrlHandlerMapping  : Mapped URL path [/**/favicon.ico] onto handler of type [class org.springframework.web.servlet.resource.ResourceHttpRequestHandler]
2016-09-14 11:26:53.953  INFO 12314 --- [    Test worker] o.s.b.a.e.mvc.EndpointHandlerMapping     : Mapped "{[/restart || /restart.json],methods=[POST]}" onto public java.lang.Object org.springframework.cloud.context.restart.RestartMvcEndpoint.invoke()
2016-09-14 11:26:53.955  INFO 12314 --- [    Test worker] o.s.b.a.e.mvc.EndpointHandlerMapping     : Mapped "{[/dump || /dump.json],methods=[GET],produces=[application/json]}" onto public java.lang.Object org.springframework.boot.actuate.endpoint.mvc.EndpointMvcAdapter.invoke()
2016-09-14 11:26:53.956  INFO 12314 --- [    Test worker] o.s.b.a.e.mvc.EndpointHandlerMapping     : Mapped "{[/features || /features.json],methods=[GET],produces=[application/json]}" onto public java.lang.Object org.springframework.boot.actuate.endpoint.mvc.EndpointMvcAdapter.invoke()
2016-09-14 11:26:53.957  INFO 12314 --- [    Test worker] o.s.b.a.e.mvc.EndpointHandlerMapping     : Mapped "{[/info || /info.json],methods=[GET],produces=[application/json]}" onto public java.lang.Object org.springframework.boot.actuate.endpoint.mvc.EndpointMvcAdapter.invoke()
2016-09-14 11:26:53.958  INFO 12314 --- [    Test worker] o.s.b.a.e.mvc.EndpointHandlerMapping     : Mapped "{[/trace || /trace.json],methods=[GET],produces=[application/json]}" onto public java.lang.Object org.springframework.boot.actuate.endpoint.mvc.EndpointMvcAdapter.invoke()
2016-09-14 11:26:53.958  INFO 12314 --- [    Test worker] o.s.b.a.e.mvc.EndpointHandlerMapping     : Mapped "{[/configprops || /configprops.json],methods=[GET],produces=[application/json]}" onto public java.lang.Object org.springframework.boot.actuate.endpoint.mvc.EndpointMvcAdapter.invoke()
2016-09-14 11:26:53.959  INFO 12314 --- [    Test worker] o.s.b.a.e.mvc.EndpointHandlerMapping     : Mapped "{[/archaius || /archaius.json],methods=[GET],produces=[application/json]}" onto public java.lang.Object org.springframework.boot.actuate.endpoint.mvc.EndpointMvcAdapter.invoke()
2016-09-14 11:26:53.959  INFO 12314 --- [    Test worker] o.s.b.a.e.mvc.EndpointHandlerMapping     : Mapped "{[/env],methods=[POST]}" onto public java.lang.Object org.springframework.cloud.context.environment.EnvironmentManagerMvcEndpoint.value(java.util.Map<java.lang.String, java.lang.String>)
2016-09-14 11:26:53.959  INFO 12314 --- [    Test worker] o.s.b.a.e.mvc.EndpointHandlerMapping     : Mapped "{[/env/reset],methods=[POST]}" onto public java.util.Map<java.lang.String, java.lang.Object> org.springframework.cloud.context.environment.EnvironmentManagerMvcEndpoint.reset()
2016-09-14 11:26:53.960  INFO 12314 --- [    Test worker] o.s.b.a.e.mvc.EndpointHandlerMapping     : Mapped "{[/resume || /resume.json],methods=[POST]}" onto public java.lang.Object org.springframework.cloud.endpoint.GenericPostableMvcEndpoint.invoke()
2016-09-14 11:26:53.961  INFO 12314 --- [    Test worker] o.s.b.a.e.mvc.EndpointHandlerMapping     : Mapped "{[/beans || /beans.json],methods=[GET],produces=[application/json]}" onto public java.lang.Object org.springframework.boot.actuate.endpoint.mvc.EndpointMvcAdapter.invoke()
2016-09-14 11:26:53.962  INFO 12314 --- [    Test worker] o.s.b.a.e.mvc.EndpointHandlerMapping     : Mapped "{[/pause || /pause.json],methods=[POST]}" onto public java.lang.Object org.springframework.cloud.endpoint.GenericPostableMvcEndpoint.invoke()
2016-09-14 11:26:53.963  INFO 12314 --- [    Test worker] o.s.b.a.e.mvc.EndpointHandlerMapping     : Mapped "{[/actuator || /actuator.json],produces=[application/json]}" onto public org.springframework.hateoas.ResourceSupport org.springframework.boot.actuate.endpoint.mvc.HalJsonMvcEndpoint.links()
2016-09-14 11:26:53.964  INFO 12314 --- [    Test worker] o.s.b.a.e.mvc.EndpointHandlerMapping     : Mapped "{[/metrics/{name:.*}],methods=[GET],produces=[application/json]}" onto public java.lang.Object org.springframework.boot.actuate.endpoint.mvc.MetricsMvcEndpoint.value(java.lang.String)
2016-09-14 11:26:53.965  INFO 12314 --- [    Test worker] o.s.b.a.e.mvc.EndpointHandlerMapping     : Mapped "{[/metrics || /metrics.json],methods=[GET],produces=[application/json]}" onto public java.lang.Object org.springframework.boot.actuate.endpoint.mvc.EndpointMvcAdapter.invoke()
2016-09-14 11:26:53.965  INFO 12314 --- [    Test worker] o.s.b.a.e.mvc.EndpointHandlerMapping     : Mapped "{[/autoconfig || /autoconfig.json],methods=[GET],produces=[application/json]}" onto public java.lang.Object org.springframework.boot.actuate.endpoint.mvc.EndpointMvcAdapter.invoke()
2016-09-14 11:26:53.966  INFO 12314 --- [    Test worker] o.s.b.a.e.mvc.EndpointHandlerMapping     : Mapped "{[/env/{name:.*}],methods=[GET],produces=[application/json]}" onto public java.lang.Object org.springframework.boot.actuate.endpoint.mvc.EnvironmentMvcEndpoint.value(java.lang.String)
2016-09-14 11:26:53.966  INFO 12314 --- [    Test worker] o.s.b.a.e.mvc.EndpointHandlerMapping     : Mapped "{[/env || /env.json],methods=[GET],produces=[application/json]}" onto public java.lang.Object org.springframework.boot.actuate.endpoint.mvc.EndpointMvcAdapter.invoke()
2016-09-14 11:26:53.966  INFO 12314 --- [    Test worker] o.s.b.a.e.mvc.EndpointHandlerMapping     : Mapped "{[/refresh || /refresh.json],methods=[POST]}" onto public java.lang.Object org.springframework.cloud.endpoint.GenericPostableMvcEndpoint.invoke()
2016-09-14 11:26:53.966  INFO 12314 --- [    Test worker] o.s.b.a.e.mvc.EndpointHandlerMapping     : Mapped "{[/heapdump || /heapdump.json],methods=[GET],produces=[application/octet-stream]}" onto public void org.springframework.boot.actuate.endpoint.mvc.HeapdumpMvcEndpoint.invoke(boolean,javax.servlet.http.HttpServletRequest,javax.servlet.http.HttpServletResponse) throws java.io.IOException,javax.servlet.ServletException
2016-09-14 11:26:53.967  INFO 12314 --- [    Test worker] o.s.b.a.e.mvc.EndpointHandlerMapping     : Mapped "{[/mappings || /mappings.json],methods=[GET],produces=[application/json]}" onto public java.lang.Object org.springframework.boot.actuate.endpoint.mvc.EndpointMvcAdapter.invoke()
2016-09-14 11:26:53.967  INFO 12314 --- [    Test worker] o.s.b.a.e.mvc.EndpointHandlerMapping     : Mapped "{[/health || /health.json],produces=[application/json]}" onto public java.lang.Object org.springframework.boot.actuate.endpoint.mvc.HealthMvcEndpoint.invoke(java.security.Principal)
2016-09-14 11:26:54.085  WARN 12314 --- [    Test worker] c.n.c.sources.URLConfigurationSource     : No URLs will be polled as dynamic configuration sources.
2016-09-14 11:26:54.086  INFO 12314 --- [    Test worker] c.n.c.sources.URLConfigurationSource     : To enable URLs as dynamic configuration sources, define System property archaius.configurationSource.additionalUrls or make config.properties available on classpath.
2016-09-14 11:26:54.091  WARN 12314 --- [    Test worker] c.n.c.sources.URLConfigurationSource     : No URLs will be polled as dynamic configuration sources.
2016-09-14 11:26:54.091  INFO 12314 --- [    Test worker] c.n.c.sources.URLConfigurationSource     : To enable URLs as dynamic configuration sources, define System property archaius.configurationSource.additionalUrls or make config.properties available on classpath.
2016-09-14 11:26:54.252  INFO 12314 --- [    Test worker] o.s.c.support.DefaultLifecycleProcessor  : Starting beans in phase 0
2016-09-14 11:26:54.260  INFO 12314 --- [    Test worker] o.s.c.n.eureka.InstanceInfoFactory       : Setting initial instance status as: STARTING
2016-09-14 11:26:54.493  INFO 12314 --- [    Test worker] c.n.d.provider.DiscoveryJerseyProvider   : Using JSON encoding codec LegacyJacksonJson
2016-09-14 11:26:54.494  INFO 12314 --- [    Test worker] c.n.d.provider.DiscoveryJerseyProvider   : Using JSON decoding codec LegacyJacksonJson
2016-09-14 11:26:54.554  INFO 12314 --- [    Test worker] c.n.d.provider.DiscoveryJerseyProvider   : Using XML encoding codec XStreamXml
2016-09-14 11:26:54.554  INFO 12314 --- [    Test worker] c.n.d.provider.DiscoveryJerseyProvider   : Using XML decoding codec XStreamXml
2016-09-14 11:26:54.687  INFO 12314 --- [    Test worker] c.n.d.s.r.aws.ConfigClusterResolver      : Resolving eureka endpoints via configuration
2016-09-14 11:26:54.702  INFO 12314 --- [    Test worker] com.netflix.discovery.DiscoveryClient    : Disable delta property : false
2016-09-14 11:26:54.702  INFO 12314 --- [    Test worker] com.netflix.discovery.DiscoveryClient    : Single vip registry refresh property : null
2016-09-14 11:26:54.702  INFO 12314 --- [    Test worker] com.netflix.discovery.DiscoveryClient    : Force full registry fetch : false
2016-09-14 11:26:54.702  INFO 12314 --- [    Test worker] com.netflix.discovery.DiscoveryClient    : Application is null : false
2016-09-14 11:26:54.702  INFO 12314 --- [    Test worker] com.netflix.discovery.DiscoveryClient    : Registered Applications size is zero : true
2016-09-14 11:26:54.702  INFO 12314 --- [    Test worker] com.netflix.discovery.DiscoveryClient    : Application version is -1: true
2016-09-14 11:26:54.702  INFO 12314 --- [    Test worker] com.netflix.discovery.DiscoveryClient    : Getting all instance registry info from the eureka server
2016-09-14 11:26:54.811  INFO 12314 --- [    Test worker] com.netflix.discovery.DiscoveryClient    : The response status is 200
2016-09-14 11:26:54.813  INFO 12314 --- [    Test worker] com.netflix.discovery.DiscoveryClient    : Starting heartbeat executor: renew interval is: 30
2016-09-14 11:26:54.815  INFO 12314 --- [    Test worker] c.n.discovery.InstanceInfoReplicator     : InstanceInfoReplicator onDemand update allowed rate per min is 4
2016-09-14 11:26:54.817  INFO 12314 --- [    Test worker] com.netflix.discovery.DiscoveryClient    : Discovery Client initialized at timestamp 1473845214817 with initial instances count: 3
2016-09-14 11:26:54.837  INFO 12314 --- [    Test worker] c.n.e.EurekaDiscoveryClientConfiguration : Registering application zipkin-service with eureka with status UP
2016-09-14 11:26:54.837  INFO 12314 --- [    Test worker] com.netflix.discovery.DiscoveryClient    : Saw local status change event StatusChangeEvent [timestamp=1473845214837, current=UP, previous=STARTING]
2016-09-14 11:26:54.839  INFO 12314 --- [nfoReplicator-0] com.netflix.discovery.DiscoveryClient    : DiscoveryClient_ZIPKIN-SERVICE/172.16.65.63:zipkin-service:9411: registering service...
2016-09-14 11:26:54.855  INFO 12314 --- [    Test worker] c.i.rrm.ls.ZipkinStreamApplicationTests  : Started ZipkinStreamApplicationTests in 3.429 seconds (JVM running for 4.022)
2016-09-14 11:26:54.868  INFO 12314 --- [nfoReplicator-0] com.netflix.discovery.DiscoveryClient    : DiscoveryClient_ZIPKIN-SERVICE/172.16.65.63:zipkin-service:9411 - registration status: 204
]]></system-out>
  <system-err><![CDATA[]]></system-err>
</testsuite>
